<?xml version="1.0" encoding="UTF-8"?>
<!-- Generated by org.testng.reporters.JUnitReportReporter -->
<testsuite skipped="6" hostname="HOU-LT2282474" name="com.va.eprs.testcases.EprsE2ETest" tests="7" failures="0" timestamp="2021-03-14T20:55:48 CDT" time="3.635" errors="1">
  <testcase name="Test003_CCN_Congressional_Inquiry" time="0.000" classname="com.va.eprs.testcases.EprsE2ETest">
    <skipped/>
  </testcase> <!-- Test003_CCN_Congressional_Inquiry -->
  <system-out/>
  <testcase name="Test004_CCN_Corrective_Action_Plan" time="0.000" classname="com.va.eprs.testcases.EprsE2ETest">
    <skipped/>
  </testcase> <!-- Test004_CCN_Corrective_Action_Plan -->
  <system-out/>
  <testcase name="beforeTest" time="3.635" classname="com.va.eprs.testcases.EprsE2ETest">
    <error type="java.lang.RuntimeException" message="could not create the IE driver">
      <![CDATA[java.lang.RuntimeException: could not create the IE driver
at com.va.eprs.util.LoadDriver.ieDriver(LoadDriver.java:94)
at com.va.eprs.util.LoadDriver.createDriver(LoadDriver.java:38)
at com.va.eprs.testcases.EprsE2ETest.beforeTest(EprsE2ETest.java:36)
at sun.reflect.NativeMethodAccessorImpl.invoke0(Native Method)
at sun.reflect.NativeMethodAccessorImpl.invoke(NativeMethodAccessorImpl.java:62)
at sun.reflect.DelegatingMethodAccessorImpl.invoke(DelegatingMethodAccessorImpl.java:43)
at java.lang.reflect.Method.invoke(Method.java:498)
at org.testng.internal.MethodInvocationHelper.invokeMethod(MethodInvocationHelper.java:132)
at org.testng.internal.MethodInvocationHelper.invokeMethodConsideringTimeout(MethodInvocationHelper.java:61)
at org.testng.internal.ConfigInvoker.invokeConfigurationMethod(ConfigInvoker.java:366)
at org.testng.internal.ConfigInvoker.invokeConfigurations(ConfigInvoker.java:320)
at org.testng.internal.TestMethodWorker.invokeBeforeClassMethods(TestMethodWorker.java:176)
at org.testng.internal.TestMethodWorker.run(TestMethodWorker.java:122)
at java.util.ArrayList.forEach(ArrayList.java:1259)
at org.testng.TestRunner.privateRun(TestRunner.java:764)
at org.testng.TestRunner.run(TestRunner.java:585)
at org.testng.SuiteRunner.runTest(SuiteRunner.java:384)
at org.testng.SuiteRunner.runSequentially(SuiteRunner.java:378)
at org.testng.SuiteRunner.privateRun(SuiteRunner.java:337)
at org.testng.SuiteRunner.run(SuiteRunner.java:286)
at org.testng.SuiteRunnerWorker.runSuite(SuiteRunnerWorker.java:53)
at org.testng.SuiteRunnerWorker.run(SuiteRunnerWorker.java:96)
at org.testng.TestNG.runSuitesSequentially(TestNG.java:1218)
at org.testng.TestNG.runSuitesLocally(TestNG.java:1140)
at org.testng.TestNG.runSuites(TestNG.java:1069)
at org.testng.TestNG.run(TestNG.java:1037)
at org.testng.remote.AbstractRemoteTestNG.run(AbstractRemoteTestNG.java:115)
at org.testng.remote.RemoteTestNG.initAndRun(RemoteTestNG.java:251)
at org.testng.remote.RemoteTestNG.main(RemoteTestNG.java:77)
]]>
    </error>
  </testcase> <!-- beforeTest -->
  <system-out/>
  <testcase name="Test006_CCN_Waivers" time="0.000" classname="com.va.eprs.testcases.EprsE2ETest">
    <skipped/>
  </testcase> <!-- Test006_CCN_Waivers -->
  <system-out/>
  <testcase name="Test001_Quality_Check" time="0.000" classname="com.va.eprs.testcases.EprsE2ETest">
    <skipped/>
  </testcase> <!-- Test001_Quality_Check -->
  <system-out/>
  <testcase name="Test002_CCN_Issues" time="0.000" classname="com.va.eprs.testcases.EprsE2ETest">
    <skipped/>
  </testcase> <!-- Test002_CCN_Issues -->
  <system-out/>
  <testcase name="Test005_CCN_Deviations" time="0.000" classname="com.va.eprs.testcases.EprsE2ETest">
    <skipped/>
  </testcase> <!-- Test005_CCN_Deviations -->
  <system-out/>
</testsuite> <!-- com.va.eprs.testcases.EprsE2ETest -->
